mode: set
github.com/bborbe/dark-factory/pkg/prompt/prompt.go:40.68,42.16 2 1
github.com/bborbe/dark-factory/pkg/prompt/prompt.go:42.16,44.3 1 0
github.com/bborbe/dark-factory/pkg/prompt/prompt.go:46.2,47.32 2 1
github.com/bborbe/dark-factory/pkg/prompt/prompt.go:47.32,48.63 1 1
github.com/bborbe/dark-factory/pkg/prompt/prompt.go:48.63,49.12 1 1
github.com/bborbe/dark-factory/pkg/prompt/prompt.go:52.3,54.17 3 1
github.com/bborbe/dark-factory/pkg/prompt/prompt.go:54.17,56.12 1 0
github.com/bborbe/dark-factory/pkg/prompt/prompt.go:60.3,60.84 1 1
github.com/bborbe/dark-factory/pkg/prompt/prompt.go:60.84,63.20 2 1
github.com/bborbe/dark-factory/pkg/prompt/prompt.go:63.20,65.5 1 1
github.com/bborbe/dark-factory/pkg/prompt/prompt.go:66.4,69.6 1 1
github.com/bborbe/dark-factory/pkg/prompt/prompt.go:74.2,74.41 1 1
github.com/bborbe/dark-factory/pkg/prompt/prompt.go:74.41,76.3 1 1
github.com/bborbe/dark-factory/pkg/prompt/prompt.go:78.2,78.20 1 1
github.com/bborbe/dark-factory/pkg/prompt/prompt.go:83.60,85.16 2 0
github.com/bborbe/dark-factory/pkg/prompt/prompt.go:85.16,87.3 1 0
github.com/bborbe/dark-factory/pkg/prompt/prompt.go:89.2,89.32 1 0
github.com/bborbe/dark-factory/pkg/prompt/prompt.go:89.32,90.63 1 0
github.com/bborbe/dark-factory/pkg/prompt/prompt.go:90.63,91.12 1 0
github.com/bborbe/dark-factory/pkg/prompt/prompt.go:94.3,96.17 3 0
github.com/bborbe/dark-factory/pkg/prompt/prompt.go:96.17,97.12 1 0
github.com/bborbe/dark-factory/pkg/prompt/prompt.go:100.3,100.31 1 0
github.com/bborbe/dark-factory/pkg/prompt/prompt.go:100.31,101.57 1 0
github.com/bborbe/dark-factory/pkg/prompt/prompt.go:101.57,103.5 1 0
github.com/bborbe/dark-factory/pkg/prompt/prompt.go:107.2,107.12 1 0
github.com/bborbe/dark-factory/pkg/prompt/prompt.go:112.71,113.51 1 1
github.com/bborbe/dark-factory/pkg/prompt/prompt.go:113.51,115.3 1 1
github.com/bborbe/dark-factory/pkg/prompt/prompt.go:120.77,121.51 1 1
github.com/bborbe/dark-factory/pkg/prompt/prompt.go:121.51,123.3 1 1
github.com/bborbe/dark-factory/pkg/prompt/prompt.go:128.82,131.16 2 1
github.com/bborbe/dark-factory/pkg/prompt/prompt.go:131.16,133.3 1 0
github.com/bborbe/dark-factory/pkg/prompt/prompt.go:136.2,139.12 3 1
github.com/bborbe/dark-factory/pkg/prompt/prompt.go:139.12,141.3 1 1
github.com/bborbe/dark-factory/pkg/prompt/prompt.go:141.8,143.3 1 1
github.com/bborbe/dark-factory/pkg/prompt/prompt.go:145.2,145.16 1 1
github.com/bborbe/dark-factory/pkg/prompt/prompt.go:145.16,147.3 1 0
github.com/bborbe/dark-factory/pkg/prompt/prompt.go:150.2,150.58 1 1
github.com/bborbe/dark-factory/pkg/prompt/prompt.go:150.58,152.3 1 0
github.com/bborbe/dark-factory/pkg/prompt/prompt.go:154.2,154.12 1 1
github.com/bborbe/dark-factory/pkg/prompt/prompt.go:162.19,166.16 4 1
github.com/bborbe/dark-factory/pkg/prompt/prompt.go:166.16,168.3 1 0
github.com/bborbe/dark-factory/pkg/prompt/prompt.go:170.2,175.25 6 1
github.com/bborbe/dark-factory/pkg/prompt/prompt.go:184.19,186.55 2 1
github.com/bborbe/dark-factory/pkg/prompt/prompt.go:186.55,188.3 1 0
github.com/bborbe/dark-factory/pkg/prompt/prompt.go:190.2,193.16 3 1
github.com/bborbe/dark-factory/pkg/prompt/prompt.go:193.16,195.3 1 0
github.com/bborbe/dark-factory/pkg/prompt/prompt.go:197.2,202.25 6 1
github.com/bborbe/dark-factory/pkg/prompt/prompt.go:208.62,211.16 2 1
github.com/bborbe/dark-factory/pkg/prompt/prompt.go:211.16,213.3 1 0
github.com/bborbe/dark-factory/pkg/prompt/prompt.go:216.2,222.21 4 1
github.com/bborbe/dark-factory/pkg/prompt/prompt.go:222.21,224.68 2 1
github.com/bborbe/dark-factory/pkg/prompt/prompt.go:224.68,226.4 1 1
github.com/bborbe/dark-factory/pkg/prompt/prompt.go:229.2,229.38 1 1
github.com/bborbe/dark-factory/pkg/prompt/prompt.go:229.38,231.3 1 0
github.com/bborbe/dark-factory/pkg/prompt/prompt.go:234.2,235.49 2 1
github.com/bborbe/dark-factory/pkg/prompt/prompt.go:240.64,243.16 2 1
github.com/bborbe/dark-factory/pkg/prompt/prompt.go:243.16,245.3 1 0
github.com/bborbe/dark-factory/pkg/prompt/prompt.go:248.2,250.11 3 1
github.com/bborbe/dark-factory/pkg/prompt/prompt.go:250.11,252.3 1 1
github.com/bborbe/dark-factory/pkg/prompt/prompt.go:252.8,254.3 1 1
github.com/bborbe/dark-factory/pkg/prompt/prompt.go:257.2,257.41 1 1
github.com/bborbe/dark-factory/pkg/prompt/prompt.go:257.41,259.3 1 1
github.com/bborbe/dark-factory/pkg/prompt/prompt.go:261.2,261.20 1 1
github.com/bborbe/dark-factory/pkg/prompt/prompt.go:266.62,268.58 1 1
github.com/bborbe/dark-factory/pkg/prompt/prompt.go:268.58,270.3 1 0
github.com/bborbe/dark-factory/pkg/prompt/prompt.go:272.2,276.56 3 1
github.com/bborbe/dark-factory/pkg/prompt/prompt.go:276.56,278.3 1 0
github.com/bborbe/dark-factory/pkg/prompt/prompt.go:281.2,284.46 3 1
github.com/bborbe/dark-factory/pkg/prompt/prompt.go:284.46,286.3 1 0
github.com/bborbe/dark-factory/pkg/prompt/prompt.go:288.2,288.12 1 1
github.com/bborbe/dark-factory/pkg/prompt/prompt.go:292.78,294.2 1 1
github.com/bborbe/dark-factory/pkg/prompt/prompt.go:300.62,301.48 1 1
github.com/bborbe/dark-factory/pkg/prompt/prompt.go:301.48,303.3 1 1
github.com/bborbe/dark-factory/pkg/prompt/prompt.go:305.2,307.14 3 1
github.com/bborbe/dark-factory/pkg/prompt/prompt.go:307.14,309.3 1 1
github.com/bborbe/dark-factory/pkg/prompt/prompt.go:312.2,312.44 1 0
github.com/bborbe/dark-factory/pkg/prompt/prompt.go:312.44,314.3 1 0
github.com/bborbe/dark-factory/pkg/prompt/prompt.go:316.2,316.28 1 0
github.com/bborbe/dark-factory/pkg/prompt/prompt.go:321.78,324.16 2 1
github.com/bborbe/dark-factory/pkg/prompt/prompt.go:324.16,326.3 1 0
github.com/bborbe/dark-factory/pkg/prompt/prompt.go:328.2,329.12 2 1
github.com/bborbe/dark-factory/pkg/prompt/prompt.go:329.12,331.3 1 1
github.com/bborbe/dark-factory/pkg/prompt/prompt.go:333.2,334.55 2 1
github.com/bborbe/dark-factory/pkg/prompt/prompt.go:334.55,336.3 1 0
github.com/bborbe/dark-factory/pkg/prompt/prompt.go:338.2,338.17 1 1
