mode: set
github.com/bborbe/dark-factory/pkg/git/git.go:32.29,34.2 1 0
github.com/bborbe/dark-factory/pkg/git/git.go:37.72,39.2 1 0
github.com/bborbe/dark-factory/pkg/git/git.go:42.78,44.2 1 0
github.com/bborbe/dark-factory/pkg/git/git.go:47.80,49.2 1 0
github.com/bborbe/dark-factory/pkg/git/git.go:58.73,60.39 1 1
github.com/bborbe/dark-factory/pkg/git/git.go:60.39,62.3 1 0
github.com/bborbe/dark-factory/pkg/git/git.go:65.2,66.16 2 1
github.com/bborbe/dark-factory/pkg/git/git.go:66.16,68.3 1 0
github.com/bborbe/dark-factory/pkg/git/git.go:71.2,71.74 1 1
github.com/bborbe/dark-factory/pkg/git/git.go:71.74,73.3 1 0
github.com/bborbe/dark-factory/pkg/git/git.go:76.2,76.39 1 1
github.com/bborbe/dark-factory/pkg/git/git.go:76.39,78.3 1 0
github.com/bborbe/dark-factory/pkg/git/git.go:81.2,82.50 2 1
github.com/bborbe/dark-factory/pkg/git/git.go:82.50,84.3 1 0
github.com/bborbe/dark-factory/pkg/git/git.go:87.2,87.49 1 1
github.com/bborbe/dark-factory/pkg/git/git.go:87.49,89.3 1 0
github.com/bborbe/dark-factory/pkg/git/git.go:92.2,92.37 1 1
github.com/bborbe/dark-factory/pkg/git/git.go:92.37,94.3 1 0
github.com/bborbe/dark-factory/pkg/git/git.go:97.2,97.53 1 1
github.com/bborbe/dark-factory/pkg/git/git.go:97.53,99.3 1 0
github.com/bborbe/dark-factory/pkg/git/git.go:101.2,101.12 1 1
github.com/bborbe/dark-factory/pkg/git/git.go:107.66,111.34 2 1
github.com/bborbe/dark-factory/pkg/git/git.go:111.34,113.3 1 0
github.com/bborbe/dark-factory/pkg/git/git.go:116.2,118.16 3 1
github.com/bborbe/dark-factory/pkg/git/git.go:118.16,120.3 1 0
github.com/bborbe/dark-factory/pkg/git/git.go:123.2,123.46 1 1
github.com/bborbe/dark-factory/pkg/git/git.go:123.46,125.3 1 1
github.com/bborbe/dark-factory/pkg/git/git.go:128.2,128.51 1 1
github.com/bborbe/dark-factory/pkg/git/git.go:132.43,134.34 2 1
github.com/bborbe/dark-factory/pkg/git/git.go:134.34,136.3 1 0
github.com/bborbe/dark-factory/pkg/git/git.go:137.2,137.12 1 1
github.com/bborbe/dark-factory/pkg/git/git.go:141.58,143.2 1 1
github.com/bborbe/dark-factory/pkg/git/git.go:146.58,150.16 3 1
github.com/bborbe/dark-factory/pkg/git/git.go:150.16,153.3 1 1
github.com/bborbe/dark-factory/pkg/git/git.go:155.2,156.41 2 1
github.com/bborbe/dark-factory/pkg/git/git.go:160.72,164.20 3 1
github.com/bborbe/dark-factory/pkg/git/git.go:164.20,166.3 1 1
github.com/bborbe/dark-factory/pkg/git/git.go:168.2,175.95 5 1
github.com/bborbe/dark-factory/pkg/git/git.go:181.79,185.16 3 1
github.com/bborbe/dark-factory/pkg/git/git.go:185.16,187.3 1 0
github.com/bborbe/dark-factory/pkg/git/git.go:189.2,192.22 3 1
github.com/bborbe/dark-factory/pkg/git/git.go:192.22,194.3 1 1
github.com/bborbe/dark-factory/pkg/git/git.go:196.2,197.74 2 1
github.com/bborbe/dark-factory/pkg/git/git.go:197.74,199.3 1 0
github.com/bborbe/dark-factory/pkg/git/git.go:201.2,201.12 1 1
github.com/bborbe/dark-factory/pkg/git/git.go:205.94,210.29 4 1
github.com/bborbe/dark-factory/pkg/git/git.go:210.29,211.11 1 1
github.com/bborbe/dark-factory/pkg/git/git.go:211.11,213.12 2 1
github.com/bborbe/dark-factory/pkg/git/git.go:216.3,216.47 1 1
github.com/bborbe/dark-factory/pkg/git/git.go:216.47,220.64 3 1
github.com/bborbe/dark-factory/pkg/git/git.go:220.64,224.13 4 1
github.com/bborbe/dark-factory/pkg/git/git.go:227.4,230.12 4 1
github.com/bborbe/dark-factory/pkg/git/git.go:233.3,233.32 1 1
github.com/bborbe/dark-factory/pkg/git/git.go:236.2,236.32 1 1
github.com/bborbe/dark-factory/pkg/git/git.go:240.85,242.23 2 1
github.com/bborbe/dark-factory/pkg/git/git.go:242.23,244.3 1 0
github.com/bborbe/dark-factory/pkg/git/git.go:246.2,259.15 6 1
github.com/bborbe/dark-factory/pkg/git/git.go:263.42,264.29 1 1
github.com/bborbe/dark-factory/pkg/git/git.go:264.29,266.96 1 1
github.com/bborbe/dark-factory/pkg/git/git.go:266.96,268.4 1 1
github.com/bborbe/dark-factory/pkg/git/git.go:271.2,271.29 1 0
github.com/bborbe/dark-factory/pkg/git/git.go:271.29,272.17 1 0
github.com/bborbe/dark-factory/pkg/git/git.go:272.17,274.4 1 0
github.com/bborbe/dark-factory/pkg/git/git.go:277.2,277.11 1 0
github.com/bborbe/dark-factory/pkg/git/git.go:281.59,287.34 4 1
github.com/bborbe/dark-factory/pkg/git/git.go:287.34,289.3 1 0
github.com/bborbe/dark-factory/pkg/git/git.go:290.2,290.12 1 1
github.com/bborbe/dark-factory/pkg/git/git.go:294.52,297.34 2 1
github.com/bborbe/dark-factory/pkg/git/git.go:297.34,299.3 1 0
github.com/bborbe/dark-factory/pkg/git/git.go:300.2,300.12 1 1
github.com/bborbe/dark-factory/pkg/git/git.go:304.41,306.34 2 1
github.com/bborbe/dark-factory/pkg/git/git.go:306.34,308.3 1 0
github.com/bborbe/dark-factory/pkg/git/git.go:309.2,309.12 1 1
github.com/bborbe/dark-factory/pkg/git/git.go:313.56,316.34 2 1
github.com/bborbe/dark-factory/pkg/git/git.go:316.34,318.3 1 0
github.com/bborbe/dark-factory/pkg/git/git.go:319.2,319.12 1 1
